<?xml version="1.0" encoding="UTF-8"?>
<testsuite xmlns:xsi="http://www.w3.org/2001/XMLSchema-instance" xsi:noNamespaceSchemaLocation="https://maven.apache.org/surefire/maven-surefire-plugin/xsd/surefire-test-report.xsd" version="3.0.2" name="org.graphicsEditor.GDrawingPanelTest" time="0.467" tests="12" errors="0" skipped="0" failures="0">
  <properties>
[...]
</properties>
  <testcase name="testPressReleaseRestoresIdleState" classname="org.graphicsEditor.GDrawingPanelTest" time="0.338"/>
  <testcase name="testThreePressReleaseCyclesAddThreeShapes" classname="org.graphicsEditor.GDrawingPanelTest" time="0.006"/>
  <testcase name="testPointShapeIsAdded" classname="org.graphicsEditor.GDrawingPanelTest" time="0.004"/>
  <testcase name="testReleaseWithoutPressAddsNoShape" classname="org.graphicsEditor.GDrawingPanelTest" time="0.004"/>
  <testcase name="testInitialStateIsIdle" classname="org.graphicsEditor.GDrawingPanelTest" time="0.004"/>
  <testcase name="testDragCausesNPEDueToGetGraphics" classname="org.graphicsEditor.GDrawingPanelTest" time="0.009"/>
  <testcase name="testMousePressChangesStateToDrawing" classname="org.graphicsEditor.GDrawingPanelTest" time="0.004"/>
  <testcase name="testInitialShapesListIsEmpty" classname="org.graphicsEditor.GDrawingPanelTest" time="0.005"/>
  <testcase name="testInitialBackgroundIsWhite" classname="org.graphicsEditor.GDrawingPanelTest" time="0.002"/>
  <testcase name="testSecondPressInDrawingStateIsIgnored" classname="org.graphicsEditor.GDrawingPanelTest" time="0.005"/>
  <testcase name="testMousePressDoesNotAddShape" classname="org.graphicsEditor.GDrawingPanelTest" time="0.003"/>
  <testcase name="testPressReleaseCycleAddsOneShape" classname="org.graphicsEditor.GDrawingPanelTest" time="0.003"/>
</testsuite>